6000 reads; of these:
  6000 (100.00%) were unpaired; of these:
    287 (4.78%) aligned 0 times
    5713 (95.22%) aligned exactly 1 time
    0 (0.00%) aligned >1 times
95.22% overall alignment rate
10000 reads; of these:
  10000 (100.00%) were paired; of these:
    834 (8.34%) aligned concordantly 0 times
    9166 (91.66%) aligned concordantly exactly 1 time
    0 (0.00%) aligned concordantly >1 times
    ----
    834 pairs aligned concordantly 0 times; of these:
      42 (5.04%) aligned discordantly 1 time
    ----
    792 pairs aligned 0 times concordantly or discordantly; of these:
      1584 mates make up the pairs; of these:
        1005 (63.45%) aligned 0 times
        579 (36.55%) aligned exactly 1 time
        0 (0.00%) aligned >1 times
94.97% overall alignment rate
Building a SMALL index
Building a LARGE index
