
          -------------------------------------------------------
          Amber 18 PMEMD                              2018
          -------------------------------------------------------

| PMEMD implementation of SANDER, Release 18

| Run on 05/10/2019 at 21:18:09

|   Executable path: pmemd.cuda
| Working directory: /home/bt-local/benchmarks/app-benchmarks/AMBER/18/quadro-p4000
|          Hostname: openhpc.cofc.edu

  [-O]verwriting output

File Assignments:
|   MDIN: initial.in                                                            
|  MDOUT: quadro-p4000.out                                                      
| INPCRD: inpcrd                                                                
|   PARM: standard.prmtop                                                       
| RESTRT: quadro-p4000.rst                                                      
|   REFC: initial.rst                                                           
|  MDVEL: mdvel                                                                 
|   MDEN: mden                                                                  
|  MDCRD: quadro-p4000.mdcrd                                                    
| MDINFO: mdinfo                                                                
|  MDFRC: mdfrc                                                                 

 
 Here is the input file:
 
                                                                               
&cntrl                                                                         
  nmropt = 0,       imin = 0,                                                  
  ntx    = 1,       irest  = 0,       ntrx = 1,      ntxo   = 1,               
  ntpr   = 1000,    ntwx   = 2500,     ntwv = 0,      ntwe   = 0,              
  ntwr   = 10000,   ig = 9,          iwrap = 1,                                
                                                                               
  ntf    = 2,       ntb    = 2,                                                
  cut    = 8.0,    nsnb   = 20,                                                
                                                                               
  nstlim = 100000,   nscm   = 2500,   iwrap = 0,                               
  t      = 0.0,     dt     = 0.002,                                            
                                                                               
  temp0  = 300.0,    tautp=0.5,                                                
  tempi  = 300.0,    ntt   = 1,                                                
                                                                               
  ntp    = 2,       taup = 1.0,                                                
  ntc    = 2,       tol    = 0.00001,                                          
                                                                               
  ibelly=0, ntr=1, restraintmask=':299,684,1069,1454', restraint_wt=5.0,       
 /                                                                             


| irandom = 1, using AMBER's internal random number generator (default).
| INFO:    The nsnb ctrl option does not affect nonbonded list update frequency.
|          It does affect steepest descent minimization freq if ntmin == 0
 
|--------------------- INFORMATION ----------------------
| GPU (CUDA) Version of PMEMD in use: NVIDIA GPU IN USE.
|                    Version 18.0.0
| 
|                      03/25/2018
| 
| Implementation by:
|                    Ross C. Walker     (SDSC)
|                    Scott Le Grand     (nVIDIA)
| 
| Version 18 performance extensions by:
|                    David Cerutti     (Rutgers)
| 
| Precision model in use:
|      [SPFP] - Single Precision Forces, 64-bit Fixed Point
|               Accumulation. (Default)
| 
|--------------------------------------------------------
 
|----------------- CITATION INFORMATION -----------------
|
|    When publishing work that utilized the CUDA version
|    of AMBER, please cite the following in addition to
|    the regular AMBER citations:
|
|  - Romelia Salomon-Ferrer; Andreas W. Goetz; Duncan
|    Poole; Scott Le Grand; Ross C. Walker "Routine
|    microsecond molecular dynamics simulations with
|    AMBER - Part II: Particle Mesh Ewald", J. Chem.
|    Theory Comput., 2013, 9 (9), pp3878-3888,
|    DOI: 10.1021/ct400314y.
|
|  - Andreas W. Goetz; Mark J. Williamson; Dong Xu;
|    Duncan Poole; Scott Le Grand; Ross C. Walker
|    "Routine microsecond molecular dynamics simulations
|    with AMBER - Part I: Generalized Born", J. Chem.
|    Theory Comput., 2012, 8 (5), pp1542-1555.
|
|  - Scott Le Grand; Andreas W. Goetz; Ross C. Walker
|    "SPFP: Speed without compromise - a mixed precision
|    model for GPU accelerated molecular dynamics
|    simulations.", Comp. Phys. Comm., 2013, 184
|    pp374-380, DOI: 10.1016/j.cpc.2012.09.022
|
|--------------------------------------------------------
 
|------------------- GPU DEVICE INFO --------------------
|
|            CUDA_VISIBLE_DEVICES: not set
|   CUDA Capable Devices Detected:      1
|           CUDA Device ID in use:      0
|                CUDA Device Name: Quadro P4000
|     CUDA Device Global Mem Size:   8119 MB
| CUDA Device Num Multiprocessors:     14
|           CUDA Device Core Freq:   1.48 GHz
|
|--------------------------------------------------------
 

  Unit    9 Error on OPEN: inpcrd                                                                                                                                                                                                                                                          
